<?xml version="1.0" encoding="UTF-8"?>
<!-- Generated by org.testng.reporters.JUnitReportReporter -->
<testsuite hostname="DESKTOP-NS1PU1H" failures="0" tests="5" name="cse.UserValidationTest" time="0.014" errors="0" timestamp="2023-11-06T23:07:39 GMT-05:00" skipped="0">
  <testcase classname="cse.UserValidationTest" name="testCase1" time="0.012"/>
  <testcase classname="cse.UserValidationTest" name="testCase4" time="0.000"/>
  <testcase classname="cse.UserValidationTest" name="testCase3" time="0.001"/>
  <testcase classname="cse.UserValidationTest" name="testCase2" time="0.001"/>
  <testcase classname="cse.UserValidationTest" name="testCase5" time="0.000"/>
</testsuite> <!-- cse.UserValidationTest -->
